# JRE version: Java(TM) SE Runtime Environment (8.0_171-b11) (build 1.8.0_171-b11)
# Java VM: Java HotSpot(TM) 64-Bit Server VM (25.171-b11 mixed mode linux-amd64 compressed oops)
Heap:
 PSYoungGen      total 138240K, used 32629K [0x000000076db80000, 0x000000077e980000, 0x00000007c0000000)
  eden space 128000K, 25% used [0x000000076db80000,0x000000076fb5d710,0x0000000775880000)
  from space 10240K, 0% used [0x0000000775880000,0x0000000775880000,0x0000000776280000)
  to   space 10240K, 0% used [0x000000077df80000,0x000000077df80000,0x000000077e980000)
 ParOldGen       total 92672K, used 7339K [0x00000006c9200000, 0x00000006cec80000, 0x000000076db80000)
  object space 92672K, 7% used [0x00000006c9200000,0x00000006c992add0,0x00000006cec80000)
 Metaspace       used 21925K, capacity 22486K, committed 22784K, reserved 1069056K
  class space    used 3005K, capacity 3215K, committed 3328K, reserved 1048576K
GC Heap History (8 events):
Event: 0.620 GC heap before
{Heap before GC invocations=1 (full 0):
 PSYoungGen      total 74240K, used 64000K [0x000000076db80000, 0x0000000772e00000, 0x00000007c0000000)
  eden space 64000K, 100% used [0x000000076db80000,0x0000000771a00000,0x0000000771a00000)
  from space 10240K, 0% used [0x0000000772400000,0x0000000772400000,0x0000000772e00000)
  to   space 10240K, 0% used [0x0000000771a00000,0x0000000771a00000,0x0000000772400000)
 ParOldGen       total 169472K, used 0K [0x00000006c9200000, 0x00000006d3780000, 0x000000076db80000)
  object space 169472K, 0% used [0x00000006c9200000,0x00000006c9200000,0x00000006d3780000)
 Metaspace       used 12892K, capacity 13208K, committed 13440K, reserved 1060864K
  class space    used 1698K, capacity 1800K, committed 1920K, reserved 1048576K
Event: 0.628 GC heap after
Heap after GC invocations=1 (full 0):
 PSYoungGen      total 74240K, used 9917K [0x000000076db80000, 0x0000000776c80000, 0x00000007c0000000)
  eden space 64000K, 0% used [0x000000076db80000,0x000000076db80000,0x0000000771a00000)
  from space 10240K, 96% used [0x0000000771a00000,0x00000007723af460,0x0000000772400000)
  to   space 10240K, 0% used [0x0000000776280000,0x0000000776280000,0x0000000776c80000)
 ParOldGen       total 169472K, used 16K [0x00000006c9200000, 0x00000006d3780000, 0x000000076db80000)
  object space 169472K, 0% used [0x00000006c9200000,0x00000006c9204000,0x00000006d3780000)
 Metaspace       used 12892K, capacity 13208K, committed 13440K, reserved 1060864K
  class space    used 1698K, capacity 1800K, committed 1920K, reserved 1048576K
}
Event: 1.203 GC heap before
{Heap before GC invocations=2 (full 0):
 PSYoungGen      total 74240K, used 73917K [0x000000076db80000, 0x0000000776c80000, 0x00000007c0000000)
  eden space 64000K, 100% used [0x000000076db80000,0x0000000771a00000,0x0000000771a00000)
  from space 10240K, 96% used [0x0000000771a00000,0x00000007723af460,0x0000000772400000)
  to   space 10240K, 0% used [0x0000000776280000,0x0000000776280000,0x0000000776c80000)
 ParOldGen       total 169472K, used 16K [0x00000006c9200000, 0x00000006d3780000, 0x000000076db80000)
  object space 169472K, 0% used [0x00000006c9200000,0x00000006c9204000,0x00000006d3780000)
 Metaspace       used 20260K, capacity 20662K, committed 20864K, reserved 1067008K
  class space    used 2731K, capacity 2913K, committed 2944K, reserved 1048576K
Event: 1.216 GC heap after
Heap after GC invocations=2 (full 0):
 PSYoungGen      total 138240K, used 10211K [0x000000076db80000, 0x0000000776c80000, 0x00000007c0000000)
  eden space 128000K, 0% used [0x000000076db80000,0x000000076db80000,0x0000000775880000)
  from space 10240K, 99% used [0x0000000776280000,0x0000000776c78e30,0x0000000776c80000)
  to   space 10240K, 0% used [0x0000000775880000,0x0000000775880000,0x0000000776280000)
 ParOldGen       total 169472K, used 1510K [0x00000006c9200000, 0x00000006d3780000, 0x000000076db80000)
  object space 169472K, 0% used [0x00000006c9200000,0x00000006c9379810,0x00000006d3780000)
 Metaspace       used 20260K, capacity 20662K, committed 20864K, reserved 1067008K
  class space    used 2731K, capacity 2913K, committed 2944K, reserved 1048576K
}
Event: 1.264 GC heap before
{Heap before GC invocations=3 (full 0):
 PSYoungGen      total 138240K, used 16121K [0x000000076db80000, 0x0000000776c80000, 0x00000007c0000000)
  eden space 128000K, 4% used [0x000000076db80000,0x000000076e145790,0x0000000775880000)
  from space 10240K, 99% used [0x0000000776280000,0x0000000776c78e30,0x0000000776c80000)
  to   space 10240K, 0% used [0x0000000775880000,0x0000000775880000,0x0000000776280000)
 ParOldGen       total 169472K, used 1510K [0x00000006c9200000, 0x00000006d3780000, 0x000000076db80000)
  object space 169472K, 0% used [0x00000006c9200000,0x00000006c9379810,0x00000006d3780000)
 Metaspace       used 20717K, capacity 21046K, committed 21248K, reserved 1067008K
  class space    used 2819K, capacity 2977K, committed 3072K, reserved 1048576K
Event: 1.274 GC heap after
Heap after GC invocations=3 (full 0):
 PSYoungGen      total 138240K, used 7492K [0x000000076db80000, 0x000000077e980000, 0x00000007c0000000)
  eden space 128000K, 0% used [0x000000076db80000,0x000000076db80000,0x0000000775880000)
  from space 10240K, 73% used [0x0000000775880000,0x0000000775fd1320,0x0000000776280000)
  to   space 10240K, 0% used [0x000000077df80000,0x000000077df80000,0x000000077e980000)
 ParOldGen       total 169472K, used 1518K [0x00000006c9200000, 0x00000006d3780000, 0x000000076db80000)
  object space 169472K, 0% used [0x00000006c9200000,0x00000006c937b810,0x00000006d3780000)
 Metaspace       used 20717K, capacity 21046K, committed 21248K, reserved 1067008K
  class space    used 2819K, capacity 2977K, committed 3072K, reserved 1048576K
}
Event: 1.274 GC heap before
{Heap before GC invocations=4 (full 1):
 PSYoungGen      total 138240K, used 7492K [0x000000076db80000, 0x000000077e980000, 0x00000007c0000000)
  eden space 128000K, 0% used [0x000000076db80000,0x000000076db80000,0x0000000775880000)
  from space 10240K, 73% used [0x0000000775880000,0x0000000775fd1320,0x0000000776280000)
  to   space 10240K, 0% used [0x000000077df80000,0x000000077df80000,0x000000077e980000)
 ParOldGen       total 169472K, used 1518K [0x00000006c9200000, 0x00000006d3780000, 0x000000076db80000)
  object space 169472K, 0% used [0x00000006c9200000,0x00000006c937b810,0x00000006d3780000)
 Metaspace       used 20717K, capacity 21046K, committed 21248K, reserved 1067008K
  class space    used 2819K, capacity 2977K, committed 3072K, reserved 1048576K
Event: 1.311 GC heap after
Heap after GC invocations=4 (full 1):
 PSYoungGen      total 138240K, used 0K [0x000000076db80000, 0x000000077e980000, 0x00000007c0000000)
  eden space 128000K, 0% used [0x000000076db80000,0x000000076db80000,0x0000000775880000)
  from space 10240K, 0% used [0x0000000775880000,0x0000000775880000,0x0000000776280000)
  to   space 10240K, 0% used [0x000000077df80000,0x000000077df80000,0x000000077e980000)
 ParOldGen       total 92672K, used 7339K [0x00000006c9200000, 0x00000006cec80000, 0x000000076db80000)
  object space 92672K, 7% used [0x00000006c9200000,0x00000006c992add0,0x00000006cec80000)
 Metaspace       used 20717K, capacity 21046K, committed 21248K, reserved 1067008K
  class space    used 2819K, capacity 2977K, committed 3072K, reserved 1048576K
}

