# JRE version: Java(TM) SE Runtime Environment (8.0_171-b11) (build 1.8.0_171-b11)
# Java VM: Java HotSpot(TM) 64-Bit Server VM (25.171-b11 mixed mode linux-amd64 compressed oops)
Heap:
 PSYoungGen      total 266240K, used 193307K [0x000000076db80000, 0x0000000784800000, 0x00000007c0000000)
  eden space 256000K, 75% used [0x000000076db80000,0x0000000779846eb8,0x000000077d580000)
  from space 10240K, 0% used [0x000000077d580000,0x000000077d580000,0x000000077df80000)
  to   space 23040K, 0% used [0x0000000783180000,0x0000000783180000,0x0000000784800000)
 ParOldGen       total 159744K, used 28454K [0x00000006c9200000, 0x00000006d2e00000, 0x000000076db80000)
  object space 159744K, 17% used [0x00000006c9200000,0x00000006cadc9918,0x00000006d2e00000)
 Metaspace       used 39617K, capacity 41230K, committed 41432K, reserved 1085440K
  class space    used 5646K, capacity 6295K, committed 6360K, reserved 1048576K
GC Heap History (10 events):
Event: 1.155 GC heap before
{Heap before GC invocations=3 (full 0):
 PSYoungGen      total 138240K, used 16143K [0x000000076db80000, 0x0000000776c80000, 0x00000007c0000000)
  eden space 128000K, 4% used [0x000000076db80000,0x000000076e145838,0x0000000775880000)
  from space 10240K, 99% used [0x0000000776280000,0x0000000776c7e400,0x0000000776c80000)
  to   space 10240K, 0% used [0x0000000775880000,0x0000000775880000,0x0000000776280000)
 ParOldGen       total 169472K, used 1458K [0x00000006c9200000, 0x00000006d3780000, 0x000000076db80000)
  object space 169472K, 0% used [0x00000006c9200000,0x00000006c936c880,0x00000006d3780000)
 Metaspace       used 20731K, capacity 21046K, committed 21248K, reserved 1067008K
  class space    used 2819K, capacity 2977K, committed 3072K, reserved 1048576K
Event: 1.172 GC heap after
Heap after GC invocations=3 (full 0):
 PSYoungGen      total 138240K, used 7476K [0x000000076db80000, 0x000000077e980000, 0x00000007c0000000)
  eden space 128000K, 0% used [0x000000076db80000,0x000000076db80000,0x0000000775880000)
  from space 10240K, 73% used [0x0000000775880000,0x0000000775fcd310,0x0000000776280000)
  to   space 10240K, 0% used [0x000000077df80000,0x000000077df80000,0x000000077e980000)
 ParOldGen       total 169472K, used 1466K [0x00000006c9200000, 0x00000006d3780000, 0x000000076db80000)
  object space 169472K, 0% used [0x00000006c9200000,0x00000006c936e880,0x00000006d3780000)
 Metaspace       used 20731K, capacity 21046K, committed 21248K, reserved 1067008K
  class space    used 2819K, capacity 2977K, committed 3072K, reserved 1048576K
}
Event: 1.172 GC heap before
{Heap before GC invocations=4 (full 1):
 PSYoungGen      total 138240K, used 7476K [0x000000076db80000, 0x000000077e980000, 0x00000007c0000000)
  eden space 128000K, 0% used [0x000000076db80000,0x000000076db80000,0x0000000775880000)
  from space 10240K, 73% used [0x0000000775880000,0x0000000775fcd310,0x0000000776280000)
  to   space 10240K, 0% used [0x000000077df80000,0x000000077df80000,0x000000077e980000)
 ParOldGen       total 169472K, used 1466K [0x00000006c9200000, 0x00000006d3780000, 0x000000076db80000)
  object space 169472K, 0% used [0x00000006c9200000,0x00000006c936e880,0x00000006d3780000)
 Metaspace       used 20731K, capacity 21046K, committed 21248K, reserved 1067008K
  class space    used 2819K, capacity 2977K, committed 3072K, reserved 1048576K
Event: 1.236 GC heap after
Heap after GC invocations=4 (full 1):
 PSYoungGen      total 138240K, used 0K [0x000000076db80000, 0x000000077e980000, 0x00000007c0000000)
  eden space 128000K, 0% used [0x000000076db80000,0x000000076db80000,0x0000000775880000)
  from space 10240K, 0% used [0x0000000775880000,0x0000000775880000,0x0000000776280000)
  to   space 10240K, 0% used [0x000000077df80000,0x000000077df80000,0x000000077e980000)
 ParOldGen       total 94208K, used 7342K [0x00000006c9200000, 0x00000006cee00000, 0x000000076db80000)
  object space 94208K, 7% used [0x00000006c9200000,0x00000006c992bb30,0x00000006cee00000)
 Metaspace       used 20731K, capacity 21046K, committed 21248K, reserved 1067008K
  class space    used 2819K, capacity 2977K, committed 3072K, reserved 1048576K
}
Event: 2.201 GC heap before
{Heap before GC invocations=5 (full 1):
 PSYoungGen      total 138240K, used 128000K [0x000000076db80000, 0x000000077e980000, 0x00000007c0000000)
  eden space 128000K, 100% used [0x000000076db80000,0x0000000775880000,0x0000000775880000)
  from space 10240K, 0% used [0x0000000775880000,0x0000000775880000,0x0000000776280000)
  to   space 10240K, 0% used [0x000000077df80000,0x000000077df80000,0x000000077e980000)
 ParOldGen       total 94208K, used 7342K [0x00000006c9200000, 0x00000006cee00000, 0x000000076db80000)
  object space 94208K, 7% used [0x00000006c9200000,0x00000006c992bb30,0x00000006cee00000)
 Metaspace       used 29434K, capacity 30256K, committed 30464K, reserved 1075200K
  class space    used 4052K, capacity 4348K, committed 4352K, reserved 1048576K
Event: 2.216 GC heap after
Heap after GC invocations=5 (full 1):
 PSYoungGen      total 217600K, used 10225K [0x000000076db80000, 0x000000077e980000, 0x00000007c0000000)
  eden space 207360K, 0% used [0x000000076db80000,0x000000076db80000,0x000000077a600000)
  from space 10240K, 99% used [0x000000077df80000,0x000000077e97c540,0x000000077e980000)
  to   space 10240K, 0% used [0x000000077d580000,0x000000077d580000,0x000000077df80000)
 ParOldGen       total 94208K, used 11929K [0x00000006c9200000, 0x00000006cee00000, 0x000000076db80000)
  object space 94208K, 12% used [0x00000006c9200000,0x00000006c9da65b0,0x00000006cee00000)
 Metaspace       used 29434K, capacity 30256K, committed 30464K, reserved 1075200K
  class space    used 4052K, capacity 4348K, committed 4352K, reserved 1048576K
}
Event: 3.067 GC heap before
{Heap before GC invocations=6 (full 1):
 PSYoungGen      total 217600K, used 121428K [0x000000076db80000, 0x000000077e980000, 0x00000007c0000000)
  eden space 207360K, 53% used [0x000000076db80000,0x0000000774818d68,0x000000077a600000)
  from space 10240K, 99% used [0x000000077df80000,0x000000077e97c540,0x000000077e980000)
  to   space 10240K, 0% used [0x000000077d580000,0x000000077d580000,0x000000077df80000)
 ParOldGen       total 94208K, used 11929K [0x00000006c9200000, 0x00000006cee00000, 0x000000076db80000)
  object space 94208K, 12% used [0x00000006c9200000,0x00000006c9da65b0,0x00000006cee00000)
 Metaspace       used 34393K, capacity 35336K, committed 35416K, reserved 1079296K
  class space    used 4748K, capacity 5158K, committed 5208K, reserved 1048576K
Event: 3.095 GC heap after
Heap after GC invocations=6 (full 1):
 PSYoungGen      total 266240K, used 10224K [0x000000076db80000, 0x0000000784800000, 0x00000007c0000000)
  eden space 256000K, 0% used [0x000000076db80000,0x000000076db80000,0x000000077d580000)
  from space 10240K, 99% used [0x000000077d580000,0x000000077df7c020,0x000000077df80000)
  to   space 23040K, 0% used [0x0000000783180000,0x0000000783180000,0x0000000784800000)
 ParOldGen       total 94208K, used 23562K [0x00000006c9200000, 0x00000006cee00000, 0x000000076db80000)
  object space 94208K, 25% used [0x00000006c9200000,0x00000006ca902b70,0x00000006cee00000)
 Metaspace       used 34393K, capacity 35336K, committed 35416K, reserved 1079296K
  class space    used 4748K, capacity 5158K, committed 5208K, reserved 1048576K
}
Event: 3.095 GC heap before
{Heap before GC invocations=7 (full 2):
 PSYoungGen      total 266240K, used 10224K [0x000000076db80000, 0x0000000784800000, 0x00000007c0000000)
  eden space 256000K, 0% used [0x000000076db80000,0x000000076db80000,0x000000077d580000)
  from space 10240K, 99% used [0x000000077d580000,0x000000077df7c020,0x000000077df80000)
  to   space 23040K, 0% used [0x0000000783180000,0x0000000783180000,0x0000000784800000)
 ParOldGen       total 94208K, used 23562K [0x00000006c9200000, 0x00000006cee00000, 0x000000076db80000)
  object space 94208K, 25% used [0x00000006c9200000,0x00000006ca902b70,0x00000006cee00000)
 Metaspace       used 34393K, capacity 35336K, committed 35416K, reserved 1079296K
  class space    used 4748K, capacity 5158K, committed 5208K, reserved 1048576K
Event: 3.188 GC heap after
Heap after GC invocations=7 (full 2):
 PSYoungGen      total 266240K, used 0K [0x000000076db80000, 0x0000000784800000, 0x00000007c0000000)
  eden space 256000K, 0% used [0x000000076db80000,0x000000076db80000,0x000000077d580000)
  from space 10240K, 0% used [0x000000077d580000,0x000000077d580000,0x000000077df80000)
  to   space 23040K, 0% used [0x0000000783180000,0x0000000783180000,0x0000000784800000)
 ParOldGen       total 159744K, used 28454K [0x00000006c9200000, 0x00000006d2e00000, 0x000000076db80000)
  object space 159744K, 17% used [0x00000006c9200000,0x00000006cadc9918,0x00000006d2e00000)
 Metaspace       used 34393K, capacity 35336K, committed 35416K, reserved 1079296K
  class space    used 4748K, capacity 5158K, committed 5208K, reserved 1048576K
}

